<?xml version="1.0" encoding="utf-8"?><testsuites name="pytest tests"><testsuite name="pytest" errors="0" failures="4" skipped="0" tests="14" time="1.243" timestamp="2026-01-14T19:21:58.023970+00:00" hostname="agent-env-df3df07a-72d7-45dc-ae1e-8e4b75547a2c"><testcase classname="tests.test_settings_api.TestBusinessSettings" name="test_get_business_settings" time="0.343" /><testcase classname="tests.test_settings_api.TestBusinessSettings" name="test_update_business_settings_company_info" time="0.124" /><testcase classname="tests.test_settings_api.TestBusinessSettings" name="test_update_business_settings_tax_info" time="0.071" /><testcase classname="tests.test_settings_api.TestSystemSettings" name="test_get_system_settings" time="0.051" /><testcase classname="tests.test_settings_api.TestSystemSettings" name="test_update_system_settings_general" time="0.094" /><testcase classname="tests.test_settings_api.TestSystemSettings" name="test_update_system_settings_datetime" time="0.073" /><testcase classname="tests.test_settings_api.TestSystemSettings" name="test_update_system_settings_notifications" time="0.076" /><testcase classname="tests.test_settings_api.TestBackupInfo" name="test_get_backup_info" time="0.016" /><testcase classname="tests.test_settings_api.TestBackupInfo" name="test_backup_info_record_counts" time="0.053" /><testcase classname="tests.test_settings_api.TestExportData" name="test_export_data" time="0.012" /><testcase classname="tests.test_settings_api.TestSettingsAuthentication" name="test_business_settings_requires_auth" time="0.038"><failure message="assert 403 == 401&#10; +  where 403 = &lt;Response [403]&gt;.status_code">tests/test_settings_api.py:407: in test_business_settings_requires_auth
    assert response.status_code == 401
E   assert 403 == 401
E    +  where 403 = &lt;Response [403]&gt;.status_code</failure></testcase><testcase classname="tests.test_settings_api.TestSettingsAuthentication" name="test_system_settings_requires_auth" time="0.033"><failure message="assert 403 == 401&#10; +  where 403 = &lt;Response [403]&gt;.status_code">tests/test_settings_api.py:412: in test_system_settings_requires_auth
    assert response.status_code == 401
E   assert 403 == 401
E    +  where 403 = &lt;Response [403]&gt;.status_code</failure></testcase><testcase classname="tests.test_settings_api.TestSettingsAuthentication" name="test_backup_info_requires_auth" time="0.043"><failure message="assert 403 == 401&#10; +  where 403 = &lt;Response [403]&gt;.status_code">tests/test_settings_api.py:417: in test_backup_info_requires_auth
    assert response.status_code == 401
E   assert 403 == 401
E    +  where 403 = &lt;Response [403]&gt;.status_code</failure></testcase><testcase classname="tests.test_settings_api.TestSettingsAuthentication" name="test_export_data_requires_auth" time="0.037"><failure message="assert 403 == 401&#10; +  where 403 = &lt;Response [403]&gt;.status_code">tests/test_settings_api.py:422: in test_export_data_requires_auth
    assert response.status_code == 401
E   assert 403 == 401
E    +  where 403 = &lt;Response [403]&gt;.status_code</failure></testcase></testsuite></testsuites>