<?xml version="1.0" encoding="utf-8"?><testsuites name="pytest tests"><testsuite name="pytest" errors="0" failures="0" skipped="0" tests="14" time="1.145" timestamp="2026-01-14T19:22:18.344331+00:00" hostname="agent-env-df3df07a-72d7-45dc-ae1e-8e4b75547a2c"><testcase classname="tests.test_settings_api.TestBusinessSettings" name="test_get_business_settings" time="0.323" /><testcase classname="tests.test_settings_api.TestBusinessSettings" name="test_update_business_settings_company_info" time="0.112" /><testcase classname="tests.test_settings_api.TestBusinessSettings" name="test_update_business_settings_tax_info" time="0.066" /><testcase classname="tests.test_settings_api.TestSystemSettings" name="test_get_system_settings" time="0.049" /><testcase classname="tests.test_settings_api.TestSystemSettings" name="test_update_system_settings_general" time="0.072" /><testcase classname="tests.test_settings_api.TestSystemSettings" name="test_update_system_settings_datetime" time="0.104" /><testcase classname="tests.test_settings_api.TestSystemSettings" name="test_update_system_settings_notifications" time="0.105" /><testcase classname="tests.test_settings_api.TestBackupInfo" name="test_get_backup_info" time="0.010" /><testcase classname="tests.test_settings_api.TestBackupInfo" name="test_backup_info_record_counts" time="0.058" /><testcase classname="tests.test_settings_api.TestExportData" name="test_export_data" time="0.010" /><testcase classname="tests.test_settings_api.TestSettingsAuthentication" name="test_business_settings_requires_auth" time="0.040" /><testcase classname="tests.test_settings_api.TestSettingsAuthentication" name="test_system_settings_requires_auth" time="0.035" /><testcase classname="tests.test_settings_api.TestSettingsAuthentication" name="test_backup_info_requires_auth" time="0.036" /><testcase classname="tests.test_settings_api.TestSettingsAuthentication" name="test_export_data_requires_auth" time="0.039" /></testsuite></testsuites>